0 info it worked if it ends with ok
1 verbose cli [ '/usr/bin/node', '/usr/bin/npm', 'install', '-g', 'formidable' ]
2 info using npm@3.5.2
3 info using node@v6.11.4
4 silly loadCurrentTree Starting
5 silly install loadCurrentTree
6 silly install readGlobalPackageData
7 silly fetchPackageMetaData formidable
8 silly fetchNamedPackageData formidable
9 silly mapToRegistry name formidable
10 silly mapToRegistry using default registry
11 silly mapToRegistry registry https://registry.npmjs.org/
12 silly mapToRegistry uri https://registry.npmjs.org/formidable
13 verbose request uri https://registry.npmjs.org/formidable
14 verbose request no auth needed
15 info attempt registry request try #1 at 11:38:34 PM
16 verbose request id b67cd4409aa0b93d
17 http request GET https://registry.npmjs.org/formidable
18 http 200 https://registry.npmjs.org/formidable
19 verbose headers { server: 'nginx/1.10.1',
19 verbose headers   'content-type': 'application/json',
19 verbose headers   'last-modified': 'Sat, 02 Dec 2017 15:16:36 GMT',
19 verbose headers   etag: 'W/"5a22c3d4-99a9"',
19 verbose headers   'content-encoding': 'gzip',
19 verbose headers   'cache-control': 'max-age=300',
19 verbose headers   'content-length': '9097',
19 verbose headers   'accept-ranges': 'bytes',
19 verbose headers   date: 'Sun, 03 Dec 2017 15:38:34 GMT',
19 verbose headers   via: '1.1 varnish',
19 verbose headers   age: '0',
19 verbose headers   connection: 'keep-alive',
19 verbose headers   'x-served-by': 'cache-hkg17922-HKG',
19 verbose headers   'x-cache': 'HIT',
19 verbose headers   'x-cache-hits': '1',
19 verbose headers   'x-timer': 'S1512315515.684890,VS0,VE172',
19 verbose headers   vary: 'Accept-Encoding, Accept' }
20 silly get cb [ 200,
20 silly get   { server: 'nginx/1.10.1',
20 silly get     'content-type': 'application/json',
20 silly get     'last-modified': 'Sat, 02 Dec 2017 15:16:36 GMT',
20 silly get     etag: 'W/"5a22c3d4-99a9"',
20 silly get     'content-encoding': 'gzip',
20 silly get     'cache-control': 'max-age=300',
20 silly get     'content-length': '9097',
20 silly get     'accept-ranges': 'bytes',
20 silly get     date: 'Sun, 03 Dec 2017 15:38:34 GMT',
20 silly get     via: '1.1 varnish',
20 silly get     age: '0',
20 silly get     connection: 'keep-alive',
20 silly get     'x-served-by': 'cache-hkg17922-HKG',
20 silly get     'x-cache': 'HIT',
20 silly get     'x-cache-hits': '1',
20 silly get     'x-timer': 'S1512315515.684890,VS0,VE172',
20 silly get     vary: 'Accept-Encoding, Accept' } ]
21 verbose get saving formidable to /home/ray/.npm/registry.npmjs.org/formidable/.cache.json
22 silly install normalizeTree
23 silly loadCurrentTree Finishing
24 silly loadIdealTree Starting
25 silly install loadIdealTree
26 silly cloneCurrentTree Starting
27 silly install cloneCurrentTreeToIdealTree
28 silly cloneCurrentTree Finishing
29 silly loadShrinkwrap Starting
30 silly install loadShrinkwrap
31 silly loadShrinkwrap Finishing
32 silly loadAllDepsIntoIdealTree Starting
33 silly install loadAllDepsIntoIdealTree
34 silly resolveWithNewModule formidable@1.1.1 checking installable status
35 silly cache add args [ 'formidable', null ]
36 verbose cache add spec formidable
37 silly cache add parsed spec Result {
37 silly cache add   raw: 'formidable',
37 silly cache add   scope: null,
37 silly cache add   name: 'formidable',
37 silly cache add   rawSpec: '',
37 silly cache add   spec: 'latest',
37 silly cache add   type: 'tag' }
38 silly addNamed formidable@latest
39 verbose addNamed "latest" is being treated as a dist-tag for formidable
40 info addNameTag [ 'formidable', 'latest' ]
41 silly mapToRegistry name formidable
42 silly mapToRegistry using default registry
43 silly mapToRegistry registry https://registry.npmjs.org/
44 silly mapToRegistry uri https://registry.npmjs.org/formidable
45 verbose addNameTag registry:https://registry.npmjs.org/formidable not in flight; fetching
46 verbose get https://registry.npmjs.org/formidable not expired, no request
47 silly addNameTag next cb for formidable with tag latest
48 silly addNamed formidable@1.1.1
49 verbose addNamed "1.1.1" is a plain semver version for formidable
50 silly mapToRegistry name formidable
51 silly mapToRegistry using default registry
52 silly mapToRegistry registry https://registry.npmjs.org/
53 silly mapToRegistry uri https://registry.npmjs.org/formidable
54 verbose addRemoteTarball https://registry.npmjs.org/formidable/-/formidable-1.1.1.tgz not in flight; adding
55 verbose addRemoteTarball [ 'https://registry.npmjs.org/formidable/-/formidable-1.1.1.tgz',
55 verbose addRemoteTarball   '96b8886f7c3c3508b932d6bd70c4d3a88f35f1a9' ]
56 info retry fetch attempt 1 at 11:38:35 PM
57 info attempt registry request try #1 at 11:38:35 PM
58 http fetch GET https://registry.npmjs.org/formidable/-/formidable-1.1.1.tgz
59 http fetch 200 https://registry.npmjs.org/formidable/-/formidable-1.1.1.tgz
60 silly fetchAndShaCheck shasum 96b8886f7c3c3508b932d6bd70c4d3a88f35f1a9
61 verbose addTmpTarball /tmp/npm-20502-6570c6f8/registry.npmjs.org/formidable/-/formidable-1.1.1.tgz not in flight; adding
62 verbose addTmpTarball already have metadata; skipping unpack for formidable@1.1.1
63 silly cache afterAdd formidable@1.1.1
64 verbose afterAdd /home/ray/.npm/formidable/1.1.1/package/package.json not in flight; writing
65 verbose afterAdd /home/ray/.npm/formidable/1.1.1/package/package.json written
66 silly loadAllDepsIntoIdealTree Finishing
67 silly idealTree:prePrune lib
67 silly idealTree:prePrune └── formidable@1.1.1
68 silly loadIdealTree Finishing
69 silly currentTree lib
70 silly idealTree lib
70 silly idealTree └── formidable@1.1.1
71 silly generateActionsToTake Starting
72 silly install generateActionsToTake
73 warn checkPermissions Missing write access to /usr/local/lib/node_modules
74 silly rollbackFailedOptional Starting
75 silly rollbackFailedOptional Finishing
76 silly runTopLevelLifecycles Starting
77 silly runTopLevelLifecycles Finishing
78 silly install printInstalled
79 verbose stack Error: EACCES: permission denied, access '/usr/local/lib/node_modules'
79 verbose stack     at Error (native)
80 verbose cwd /home/ray/Project
81 error Linux 4.13.0-17-generic
82 error argv "/usr/bin/node" "/usr/bin/npm" "install" "-g" "formidable"
83 error node v6.11.4
84 error npm  v3.5.2
85 error path /usr/local/lib/node_modules
86 error code EACCES
87 error errno -13
88 error syscall access
89 error Error: EACCES: permission denied, access '/usr/local/lib/node_modules'
89 error     at Error (native)
89 error  { Error: EACCES: permission denied, access '/usr/local/lib/node_modules'
89 error     at Error (native)
89 error   errno: -13,
89 error   code: 'EACCES',
89 error   syscall: 'access',
89 error   path: '/usr/local/lib/node_modules' }
90 error Please try running this command again as root/Administrator.
91 verbose exit [ -13, true ]
